<?xml version="1.0" encoding="UTF-8"?>
<!-- Generated by org.testng.reporters.JUnitReportReporter -->
<testsuite skipped="0" hostname="MSKUMAR-PC" name="testNgDemo.TestNgDemoOne" tests="4" failures="0" timestamp="21 Feb 2020 17:52:44 GMT" time="0.033" errors="0">
  <testcase name="testMethodOne" time="0.004" classname="testNgDemo.TestNgDemoOne"/>
  <testcase name="testMethodOne" time="0.022" classname="testNgDemo.TestNgDemoOne"/>
  <testcase name="testMethodTwo" time="0.003" classname="testNgDemo.TestNgDemoOne"/>
  <testcase name="testMethodTwo" time="0.004" classname="testNgDemo.TestNgDemoOne"/>
</testsuite> <!-- testNgDemo.TestNgDemoOne -->
