<?xml version="1.0" encoding="UTF-8"?>
<!-- Generated by org.testng.reporters.JUnitReportReporter -->
<testsuite skipped="0" hostname="MSKUMAR-PC" name="testNgDemo.TestNgDemoOne2$InvocationTest" tests="5" failures="0" timestamp="23 Feb 2020 13:00:22 GMT" time="0.024" errors="0">
  <testcase name="test1" time="0.002" classname="testNgDemo.TestNgDemoOne2$InvocationTest"/>
  <testcase name="test1" time="0.004" classname="testNgDemo.TestNgDemoOne2$InvocationTest"/>
  <testcase name="test1" time="0.002" classname="testNgDemo.TestNgDemoOne2$InvocationTest"/>
  <testcase name="test1" time="0.003" classname="testNgDemo.TestNgDemoOne2$InvocationTest"/>
  <testcase name="test1" time="0.013" classname="testNgDemo.TestNgDemoOne2$InvocationTest"/>
</testsuite> <!-- testNgDemo.TestNgDemoOne2$InvocationTest -->
