<?xml version="1.0" encoding="UTF-8"?>
<!-- Generated by org.testng.reporters.JUnitReportReporter -->
<testsuite skipped="0" hostname="MSKUMAR-PC" name="testNgDemo.TestNgDemoOne2" tests="2" failures="0" timestamp="23 Feb 2020 13:00:21 GMT" time="0.014" errors="0">
  <testcase name="testMethodTwo" time="0.002" classname="testNgDemo.TestNgDemoOne2"/>
  <testcase name="testMethodOne" time="0.012" classname="testNgDemo.TestNgDemoOne2"/>
</testsuite> <!-- testNgDemo.TestNgDemoOne2 -->
